android/app/build/intermediates/manifest_merge_blame_file/debug/manifest-merger-blame-debug-report.txt
1<?xml version="1.0" encoding="utf-8"?>
2<manifest xmlns:android="http://schemas.android.com/apk/res/android"
3    package="com.example.bloc_clean_app"
4    android:versionCode="1"
5    android:versionName="1.0.0" >
6
7    <uses-sdk
8        android:minSdkVersion="21"
9        android:targetSdkVersion="34" />
10    <!--
11         The INTERNET permission is required for development. Specifically,
12         the Flutter tool needs it to communicate with the running application
13         to allow setting breakpoints, to provide hot reload, etc.
14    -->
15    <uses-permission android:name="android.permission.INTERNET" />
15-->src/debug/AndroidManifest.xml:6:5-66
15-->src/debug/AndroidManifest.xml:6:22-64
16    <!--
17     Required to query activities that can process text, see:
18         https://developer.android.com/training/package-visibility and
19         https://developer.android.com/reference/android/content/Intent#ACTION_PROCESS_TEXT.
20
21         In particular, this is used by the Flutter engine in io.flutter.plugin.text.ProcessTextPlugin.
22    -->
23    <queries>
23-->src/main/AndroidManifest.xml:39:5-44:15
24        <intent>
24-->src/main/AndroidManifest.xml:40:9-43:18
25            <action android:name="android.intent.action.PROCESS_TEXT" />
25-->src/main/AndroidManifest.xml:41:13-72
25-->src/main/AndroidManifest.xml:41:21-70
26
27            <data android:mimeType="text/plain" />
27-->src/main/AndroidManifest.xml:42:13-50
27-->src/main/AndroidManifest.xml:42:19-48
28        </intent>
29    </queries>
30
31    <uses-permission android:name="android.permission.ACCESS_NETWORK_STATE" />
31-->[:connectivity_plus] AndroidManifest.xml:9:5-79
31-->[:connectivity_plus] AndroidManifest.xml:9:22-76
32    <uses-permission android:name="android.permission.WAKE_LOCK" />
32-->[com.github.umair13adil:RxLogs:1.0.20] AndroidManifest.xml:11:5-68
32-->[com.github.umair13adil:RxLogs:1.0.20] AndroidManifest.xml:11:22-65
33    <uses-permission android:name="android.permission.READ_PHONE_STATE" />
33-->[com.github.umair13adil:RxLogs:1.0.20] AndroidManifest.xml:13:5-75
33-->[com.github.umair13adil:RxLogs:1.0.20] AndroidManifest.xml:13:22-72
34    <uses-permission android:name="android.permission.RECEIVE_BOOT_COMPLETED" />
34-->[androidx.work:work-runtime:2.8.1] AndroidManifest.xml:25:5-81
34-->[androidx.work:work-runtime:2.8.1] AndroidManifest.xml:25:22-78
35    <uses-permission android:name="android.permission.FOREGROUND_SERVICE" />
35-->[androidx.work:work-runtime:2.8.1] AndroidManifest.xml:26:5-77
35-->[androidx.work:work-runtime:2.8.1] AndroidManifest.xml:26:22-74
36
37    <permission
37-->[androidx.core:core:1.9.0] AndroidManifest.xml:22:5-24:47
38        android:name="com.example.bloc_clean_app.DYNAMIC_RECEIVER_NOT_EXPORTED_PERMISSION"
38-->[androidx.core:core:1.9.0] AndroidManifest.xml:23:9-81
39        android:protectionLevel="signature" />
39-->[androidx.core:core:1.9.0] AndroidManifest.xml:24:9-44
40
41    <uses-permission android:name="com.example.bloc_clean_app.DYNAMIC_RECEIVER_NOT_EXPORTED_PERMISSION" />
41-->[androidx.core:core:1.9.0] AndroidManifest.xml:26:5-97
41-->[androidx.core:core:1.9.0] AndroidManifest.xml:26:22-94
42
43    <application
44        android:name="android.app.Application"
45        android:appComponentFactory="androidx.core.app.CoreComponentFactory"
45-->[androidx.core:core:1.9.0] AndroidManifest.xml:28:18-86
46        android:debuggable="true"
47        android:icon="@mipmap/ic_launcher"
48        android:label="bloc_clean_app" >
49        <activity
50            android:name="com.example.bloc_clean_app.MainActivity"
51            android:configChanges="orientation|keyboardHidden|keyboard|screenSize|smallestScreenSize|locale|layoutDirection|fontScale|screenLayout|density|uiMode"
52            android:exported="true"
53            android:hardwareAccelerated="true"
54            android:launchMode="singleTop"
55            android:taskAffinity=""
56            android:theme="@style/LaunchTheme"
57            android:windowSoftInputMode="adjustResize" >
58
59            <!--
60                 Specifies an Android theme to apply to this Activity as soon as
61                 the Android process has started. This theme is visible to the user
62                 while the Flutter UI initializes. After that, this theme continues
63                 to determine the Window background behind the Flutter UI.
64            -->
65            <meta-data
66                android:name="io.flutter.embedding.android.NormalTheme"
67                android:resource="@style/NormalTheme" />
68
69            <intent-filter>
70                <action android:name="android.intent.action.MAIN" />
71
72                <category android:name="android.intent.category.LAUNCHER" />
73            </intent-filter>
74        </activity>
75        <!--
76             Don't delete the meta-data below.
77             This is used by the Flutter tool to generate GeneratedPluginRegistrant.java
78        -->
79        <meta-data
80            android:name="flutterEmbedding"
81            android:value="2" />
82
83        <service
83-->[:firebase_dynamic_links] AndroidManifest.xml:12:9-16:19
84            android:name="com.google.firebase.components.ComponentDiscoveryService"
84-->[:firebase_dynamic_links] AndroidManifest.xml:12:18-89
85            android:directBootAware="true"
85-->[com.google.firebase:firebase-common:20.4.2] AndroidManifest.xml:32:13-43
86            android:exported="false" >
86-->[com.google.firebase:firebase-dynamic-links:21.2.0] AndroidManifest.xml:23:13-37
87            <meta-data
87-->[:firebase_dynamic_links] AndroidManifest.xml:13:13-15:85
88                android:name="com.google.firebase.components:io.flutter.plugins.firebase.dynamiclinks.FlutterFirebaseAppRegistrar"
88-->[:firebase_dynamic_links] AndroidManifest.xml:14:17-131
89                android:value="com.google.firebase.components.ComponentRegistrar" />
89-->[:firebase_dynamic_links] AndroidManifest.xml:15:17-82
90            <meta-data
90-->[:firebase_core] AndroidManifest.xml:11:13-13:85
91                android:name="com.google.firebase.components:io.flutter.plugins.firebase.core.FlutterFirebaseCoreRegistrar"
91-->[:firebase_core] AndroidManifest.xml:12:17-124
92                android:value="com.google.firebase.components.ComponentRegistrar" />
92-->[:firebase_core] AndroidManifest.xml:13:17-82
93            <meta-data
93-->[com.google.firebase:firebase-dynamic-links:21.2.0] AndroidManifest.xml:24:13-26:85
94                android:name="com.google.firebase.components:com.google.firebase.dynamiclinks.FirebaseDynamicLinksKtxRegistrar"
94-->[com.google.firebase:firebase-dynamic-links:21.2.0] AndroidManifest.xml:25:17-128
95                android:value="com.google.firebase.components.ComponentRegistrar" />
95-->[com.google.firebase:firebase-dynamic-links:21.2.0] AndroidManifest.xml:26:17-82
96            <meta-data
96-->[com.google.firebase:firebase-dynamic-links:21.2.0] AndroidManifest.xml:27:13-29:85
97                android:name="com.google.firebase.components:com.google.firebase.dynamiclinks.internal.FirebaseDynamicLinkRegistrar"
97-->[com.google.firebase:firebase-dynamic-links:21.2.0] AndroidManifest.xml:28:17-133
98                android:value="com.google.firebase.components.ComponentRegistrar" />
98-->[com.google.firebase:firebase-dynamic-links:21.2.0] AndroidManifest.xml:29:17-82
99            <meta-data
99-->[com.google.firebase:firebase-common-ktx:20.4.2] AndroidManifest.xml:12:13-14:85
100                android:name="com.google.firebase.components:com.google.firebase.ktx.FirebaseCommonLegacyRegistrar"
100-->[com.google.firebase:firebase-common-ktx:20.4.2] AndroidManifest.xml:13:17-116
101                android:value="com.google.firebase.components.ComponentRegistrar" />
101-->[com.google.firebase:firebase-common-ktx:20.4.2] AndroidManifest.xml:14:17-82
102            <meta-data
102-->[com.google.firebase:firebase-common:20.4.2] AndroidManifest.xml:35:13-37:85
103                android:name="com.google.firebase.components:com.google.firebase.FirebaseCommonKtxRegistrar"
103-->[com.google.firebase:firebase-common:20.4.2] AndroidManifest.xml:36:17-109
104                android:value="com.google.firebase.components.ComponentRegistrar" />
104-->[com.google.firebase:firebase-common:20.4.2] AndroidManifest.xml:37:17-82
105        </service> <!-- Mqtt Service -->
106        <service android:name="org.eclipse.paho.android.service.MqttService" />
106-->[com.github.umair13adil:RxLogs:1.0.20] AndroidManifest.xml:18:9-80
106-->[com.github.umair13adil:RxLogs:1.0.20] AndroidManifest.xml:18:18-77
107
108        <uses-library
108-->[androidx.window:window:1.0.0-beta04] AndroidManifest.xml:25:9-27:40
109            android:name="androidx.window.extensions"
109-->[androidx.window:window:1.0.0-beta04] AndroidManifest.xml:26:13-54
110            android:required="false" />
110-->[androidx.window:window:1.0.0-beta04] AndroidManifest.xml:27:13-37
111        <uses-library
111-->[androidx.window:window:1.0.0-beta04] AndroidManifest.xml:28:9-30:40
112            android:name="androidx.window.sidecar"
112-->[androidx.window:window:1.0.0-beta04] AndroidManifest.xml:29:13-51
113            android:required="false" />
113-->[androidx.window:window:1.0.0-beta04] AndroidManifest.xml:30:13-37
114
115        <provider
115-->[com.google.firebase:firebase-common:20.4.2] AndroidManifest.xml:23:9-28:39
116            android:name="com.google.firebase.provider.FirebaseInitProvider"
116-->[com.google.firebase:firebase-common:20.4.2] AndroidManifest.xml:24:13-77
117            android:authorities="com.example.bloc_clean_app.firebaseinitprovider"
117-->[com.google.firebase:firebase-common:20.4.2] AndroidManifest.xml:25:13-72
118            android:directBootAware="true"
118-->[com.google.firebase:firebase-common:20.4.2] AndroidManifest.xml:26:13-43
119            android:exported="false"
119-->[com.google.firebase:firebase-common:20.4.2] AndroidManifest.xml:27:13-37
120            android:initOrder="100" />
120-->[com.google.firebase:firebase-common:20.4.2] AndroidManifest.xml:28:13-36
121
122        <activity
122-->[com.google.android.gms:play-services-base:18.0.1] AndroidManifest.xml:20:9-22:45
123            android:name="com.google.android.gms.common.api.GoogleApiActivity"
123-->[com.google.android.gms:play-services-base:18.0.1] AndroidManifest.xml:20:19-85
124            android:exported="false"
124-->[com.google.android.gms:play-services-base:18.0.1] AndroidManifest.xml:22:19-43
125            android:theme="@android:style/Theme.Translucent.NoTitleBar" />
125-->[com.google.android.gms:play-services-base:18.0.1] AndroidManifest.xml:21:19-78
126
127        <meta-data
127-->[com.google.android.gms:play-services-basement:18.1.0] AndroidManifest.xml:21:9-23:69
128            android:name="com.google.android.gms.version"
128-->[com.google.android.gms:play-services-basement:18.1.0] AndroidManifest.xml:22:13-58
129            android:value="@integer/google_play_services_version" />
129-->[com.google.android.gms:play-services-basement:18.1.0] AndroidManifest.xml:23:13-66
130
131        <provider
131-->[androidx.work:work-runtime:2.8.1] AndroidManifest.xml:29:9-37:20
132            android:name="androidx.startup.InitializationProvider"
132-->[androidx.work:work-runtime:2.8.1] AndroidManifest.xml:30:13-67
133            android:authorities="com.example.bloc_clean_app.androidx-startup"
133-->[androidx.work:work-runtime:2.8.1] AndroidManifest.xml:31:13-68
134            android:exported="false" >
134-->[androidx.work:work-runtime:2.8.1] AndroidManifest.xml:32:13-37
135            <meta-data
135-->[androidx.work:work-runtime:2.8.1] AndroidManifest.xml:34:13-36:52
136                android:name="androidx.work.WorkManagerInitializer"
136-->[androidx.work:work-runtime:2.8.1] AndroidManifest.xml:35:17-68
137                android:value="androidx.startup" />
137-->[androidx.work:work-runtime:2.8.1] AndroidManifest.xml:36:17-49
138            <meta-data
138-->[androidx.emoji2:emoji2:1.2.0] AndroidManifest.xml:29:13-31:52
139                android:name="androidx.emoji2.text.EmojiCompatInitializer"
139-->[androidx.emoji2:emoji2:1.2.0] AndroidManifest.xml:30:17-75
140                android:value="androidx.startup" />
140-->[androidx.emoji2:emoji2:1.2.0] AndroidManifest.xml:31:17-49
141            <meta-data
141-->[androidx.lifecycle:lifecycle-process:2.4.1] AndroidManifest.xml:31:13-33:52
142                android:name="androidx.lifecycle.ProcessLifecycleInitializer"
142-->[androidx.lifecycle:lifecycle-process:2.4.1] AndroidManifest.xml:32:17-78
143                android:value="androidx.startup" />
143-->[androidx.lifecycle:lifecycle-process:2.4.1] AndroidManifest.xml:33:17-49
144        </provider>
145
146        <service
146-->[androidx.work:work-runtime:2.8.1] AndroidManifest.xml:39:9-45:35
147            android:name="androidx.work.impl.background.systemalarm.SystemAlarmService"
147-->[androidx.work:work-runtime:2.8.1] AndroidManifest.xml:40:13-88
148            android:directBootAware="false"
148-->[androidx.work:work-runtime:2.8.1] AndroidManifest.xml:41:13-44
149            android:enabled="@bool/enable_system_alarm_service_default"
149-->[androidx.work:work-runtime:2.8.1] AndroidManifest.xml:42:13-72
150            android:exported="false" />
150-->[androidx.work:work-runtime:2.8.1] AndroidManifest.xml:43:13-37
151        <service
151-->[androidx.work:work-runtime:2.8.1] AndroidManifest.xml:46:9-52:35
152            android:name="androidx.work.impl.background.systemjob.SystemJobService"
152-->[androidx.work:work-runtime:2.8.1] AndroidManifest.xml:47:13-84
153            android:directBootAware="false"
153-->[androidx.work:work-runtime:2.8.1] AndroidManifest.xml:48:13-44
154            android:enabled="@bool/enable_system_job_service_default"
154-->[androidx.work:work-runtime:2.8.1] AndroidManifest.xml:49:13-70
155            android:exported="true"
155-->[androidx.work:work-runtime:2.8.1] AndroidManifest.xml:50:13-36
156            android:permission="android.permission.BIND_JOB_SERVICE" />
156-->[androidx.work:work-runtime:2.8.1] AndroidManifest.xml:51:13-69
157        <service
157-->[androidx.work:work-runtime:2.8.1] AndroidManifest.xml:53:9-59:35
158            android:name="androidx.work.impl.foreground.SystemForegroundService"
158-->[androidx.work:work-runtime:2.8.1] AndroidManifest.xml:54:13-81
159            android:directBootAware="false"
159-->[androidx.work:work-runtime:2.8.1] AndroidManifest.xml:55:13-44
160            android:enabled="@bool/enable_system_foreground_service_default"
160-->[androidx.work:work-runtime:2.8.1] AndroidManifest.xml:56:13-77
161            android:exported="false" />
161-->[androidx.work:work-runtime:2.8.1] AndroidManifest.xml:57:13-37
162
163        <receiver
163-->[androidx.work:work-runtime:2.8.1] AndroidManifest.xml:61:9-66:35
164            android:name="androidx.work.impl.utils.ForceStopRunnable$BroadcastReceiver"
164-->[androidx.work:work-runtime:2.8.1] AndroidManifest.xml:62:13-88
165            android:directBootAware="false"
165-->[androidx.work:work-runtime:2.8.1] AndroidManifest.xml:63:13-44
166            android:enabled="true"
166-->[androidx.work:work-runtime:2.8.1] AndroidManifest.xml:64:13-35
167            android:exported="false" />
167-->[androidx.work:work-runtime:2.8.1] AndroidManifest.xml:65:13-37
168        <receiver
168-->[androidx.work:work-runtime:2.8.1] AndroidManifest.xml:67:9-77:20
169            android:name="androidx.work.impl.background.systemalarm.ConstraintProxy$BatteryChargingProxy"
169-->[androidx.work:work-runtime:2.8.1] AndroidManifest.xml:68:13-106
170            android:directBootAware="false"
170-->[androidx.work:work-runtime:2.8.1] AndroidManifest.xml:69:13-44
171            android:enabled="false"
171-->[androidx.work:work-runtime:2.8.1] AndroidManifest.xml:70:13-36
172            android:exported="false" >
172-->[androidx.work:work-runtime:2.8.1] AndroidManifest.xml:71:13-37
173            <intent-filter>
173-->[androidx.work:work-runtime:2.8.1] AndroidManifest.xml:73:13-76:29
174                <action android:name="android.intent.action.ACTION_POWER_CONNECTED" />
174-->[androidx.work:work-runtime:2.8.1] AndroidManifest.xml:74:17-87
174-->[androidx.work:work-runtime:2.8.1] AndroidManifest.xml:74:25-84
175                <action android:name="android.intent.action.ACTION_POWER_DISCONNECTED" />
175-->[androidx.work:work-runtime:2.8.1] AndroidManifest.xml:75:17-90
175-->[androidx.work:work-runtime:2.8.1] AndroidManifest.xml:75:25-87
176            </intent-filter>
177        </receiver>
178        <receiver
178-->[androidx.work:work-runtime:2.8.1] AndroidManifest.xml:78:9-88:20
179            android:name="androidx.work.impl.background.systemalarm.ConstraintProxy$BatteryNotLowProxy"
179-->[androidx.work:work-runtime:2.8.1] AndroidManifest.xml:79:13-104
180            android:directBootAware="false"
180-->[androidx.work:work-runtime:2.8.1] AndroidManifest.xml:80:13-44
181            android:enabled="false"
181-->[androidx.work:work-runtime:2.8.1] AndroidManifest.xml:81:13-36
182            android:exported="false" >
182-->[androidx.work:work-runtime:2.8.1] AndroidManifest.xml:82:13-37
183            <intent-filter>
183-->[androidx.work:work-runtime:2.8.1] AndroidManifest.xml:84:13-87:29
184                <action android:name="android.intent.action.BATTERY_OKAY" />
184-->[androidx.work:work-runtime:2.8.1] AndroidManifest.xml:85:17-77
184-->[androidx.work:work-runtime:2.8.1] AndroidManifest.xml:85:25-74
185                <action android:name="android.intent.action.BATTERY_LOW" />
185-->[androidx.work:work-runtime:2.8.1] AndroidManifest.xml:86:17-76
185-->[androidx.work:work-runtime:2.8.1] AndroidManifest.xml:86:25-73
186            </intent-filter>
187        </receiver>
188        <receiver
188-->[androidx.work:work-runtime:2.8.1] AndroidManifest.xml:89:9-99:20
189            android:name="androidx.work.impl.background.systemalarm.ConstraintProxy$StorageNotLowProxy"
189-->[androidx.work:work-runtime:2.8.1] AndroidManifest.xml:90:13-104
190            android:directBootAware="false"
190-->[androidx.work:work-runtime:2.8.1] AndroidManifest.xml:91:13-44
191            android:enabled="false"
191-->[androidx.work:work-runtime:2.8.1] AndroidManifest.xml:92:13-36
192            android:exported="false" >
192-->[androidx.work:work-runtime:2.8.1] AndroidManifest.xml:93:13-37
193            <intent-filter>
193-->[androidx.work:work-runtime:2.8.1] AndroidManifest.xml:95:13-98:29
194                <action android:name="android.intent.action.DEVICE_STORAGE_LOW" />
194-->[androidx.work:work-runtime:2.8.1] AndroidManifest.xml:96:17-83
194-->[androidx.work:work-runtime:2.8.1] AndroidManifest.xml:96:25-80
195                <action android:name="android.intent.action.DEVICE_STORAGE_OK" />
195-->[androidx.work:work-runtime:2.8.1] AndroidManifest.xml:97:17-82
195-->[androidx.work:work-runtime:2.8.1] AndroidManifest.xml:97:25-79
196            </intent-filter>
197        </receiver>
198        <receiver
198-->[androidx.work:work-runtime:2.8.1] AndroidManifest.xml:100:9-109:20
199            android:name="androidx.work.impl.background.systemalarm.ConstraintProxy$NetworkStateProxy"
199-->[androidx.work:work-runtime:2.8.1] AndroidManifest.xml:101:13-103
200            android:directBootAware="false"
200-->[androidx.work:work-runtime:2.8.1] AndroidManifest.xml:102:13-44
201            android:enabled="false"
201-->[androidx.work:work-runtime:2.8.1] AndroidManifest.xml:103:13-36
202            android:exported="false" >
202-->[androidx.work:work-runtime:2.8.1] AndroidManifest.xml:104:13-37
203            <intent-filter>
203-->[androidx.work:work-runtime:2.8.1] AndroidManifest.xml:106:13-108:29
204                <action android:name="android.net.conn.CONNECTIVITY_CHANGE" />
204-->[androidx.work:work-runtime:2.8.1] AndroidManifest.xml:107:17-79
204-->[androidx.work:work-runtime:2.8.1] AndroidManifest.xml:107:25-76
205            </intent-filter>
206        </receiver>
207        <receiver
207-->[androidx.work:work-runtime:2.8.1] AndroidManifest.xml:110:9-121:20
208            android:name="androidx.work.impl.background.systemalarm.RescheduleReceiver"
208-->[androidx.work:work-runtime:2.8.1] AndroidManifest.xml:111:13-88
209            android:directBootAware="false"
209-->[androidx.work:work-runtime:2.8.1] AndroidManifest.xml:112:13-44
210            android:enabled="false"
210-->[androidx.work:work-runtime:2.8.1] AndroidManifest.xml:113:13-36
211            android:exported="false" >
211-->[androidx.work:work-runtime:2.8.1] AndroidManifest.xml:114:13-37
212            <intent-filter>
212-->[androidx.work:work-runtime:2.8.1] AndroidManifest.xml:116:13-120:29
213                <action android:name="android.intent.action.BOOT_COMPLETED" />
213-->[androidx.work:work-runtime:2.8.1] AndroidManifest.xml:117:17-79
213-->[androidx.work:work-runtime:2.8.1] AndroidManifest.xml:117:25-76
214                <action android:name="android.intent.action.TIME_SET" />
214-->[androidx.work:work-runtime:2.8.1] AndroidManifest.xml:118:17-73
214-->[androidx.work:work-runtime:2.8.1] AndroidManifest.xml:118:25-70
215                <action android:name="android.intent.action.TIMEZONE_CHANGED" />
215-->[androidx.work:work-runtime:2.8.1] AndroidManifest.xml:119:17-81
215-->[androidx.work:work-runtime:2.8.1] AndroidManifest.xml:119:25-78
216            </intent-filter>
217        </receiver>
218        <receiver
218-->[androidx.work:work-runtime:2.8.1] AndroidManifest.xml:122:9-131:20
219            android:name="androidx.work.impl.background.systemalarm.ConstraintProxyUpdateReceiver"
219-->[androidx.work:work-runtime:2.8.1] AndroidManifest.xml:123:13-99
220            android:directBootAware="false"
220-->[androidx.work:work-runtime:2.8.1] AndroidManifest.xml:124:13-44
221            android:enabled="@bool/enable_system_alarm_service_default"
221-->[androidx.work:work-runtime:2.8.1] AndroidManifest.xml:125:13-72
222            android:exported="false" >
222-->[androidx.work:work-runtime:2.8.1] AndroidManifest.xml:126:13-37
223            <intent-filter>
223-->[androidx.work:work-runtime:2.8.1] AndroidManifest.xml:128:13-130:29
224                <action android:name="androidx.work.impl.background.systemalarm.UpdateProxies" />
224-->[androidx.work:work-runtime:2.8.1] AndroidManifest.xml:129:17-98
224-->[androidx.work:work-runtime:2.8.1] AndroidManifest.xml:129:25-95
225            </intent-filter>
226        </receiver>
227        <receiver
227-->[androidx.work:work-runtime:2.8.1] AndroidManifest.xml:132:9-142:20
228            android:name="androidx.work.impl.diagnostics.DiagnosticsReceiver"
228-->[androidx.work:work-runtime:2.8.1] AndroidManifest.xml:133:13-78
229            android:directBootAware="false"
229-->[androidx.work:work-runtime:2.8.1] AndroidManifest.xml:134:13-44
230            android:enabled="true"
230-->[androidx.work:work-runtime:2.8.1] AndroidManifest.xml:135:13-35
231            android:exported="true"
231-->[androidx.work:work-runtime:2.8.1] AndroidManifest.xml:136:13-36
232            android:permission="android.permission.DUMP" >
232-->[androidx.work:work-runtime:2.8.1] AndroidManifest.xml:137:13-57
233            <intent-filter>
233-->[androidx.work:work-runtime:2.8.1] AndroidManifest.xml:139:13-141:29
234                <action android:name="androidx.work.diagnostics.REQUEST_DIAGNOSTICS" />
234-->[androidx.work:work-runtime:2.8.1] AndroidManifest.xml:140:17-88
234-->[androidx.work:work-runtime:2.8.1] AndroidManifest.xml:140:25-85
235            </intent-filter>
236        </receiver>
237
238        <service
238-->[androidx.room:room-runtime:2.5.0] AndroidManifest.xml:24:9-28:63
239            android:name="androidx.room.MultiInstanceInvalidationService"
239-->[androidx.room:room-runtime:2.5.0] AndroidManifest.xml:25:13-74
240            android:directBootAware="true"
240-->[androidx.room:room-runtime:2.5.0] AndroidManifest.xml:26:13-43
241            android:exported="false" />
241-->[androidx.room:room-runtime:2.5.0] AndroidManifest.xml:27:13-37
242    </application>
243
244</manifest>